seed= 2021
split and save data...
2021-11-01 17:30:44.317: yelp2018_given_u0_i0
2021-11-01 17:30:44.317: Dataset name: yelp2018
The number of users: 31668
The number of items: 38048
The number of ratings: 1561406
Average actions of users: 49.31
Average actions of items: 41.04
The sparsity of the dataset: 99.870412%
Data loading finished
Evaluate model with cpp
2021-11-01 17:30:53.978: Dataset name: yelp2018
The number of users: 31668
The number of items: 38048
The number of ratings: 1561406
Average actions of users: 49.31
Average actions of items: 41.04
The sparsity of the dataset: 99.870412%
2021-11-01 17:30:53.978: 

NeuRec hyperparameters:
recommender=SGL
config_dir=./conf
gpu_id=0
gpu_mem=0.5
data.input.path=dataset
data.input.dataset=yelp2018
data.column.format=UI
data.convert.separator=','
user_min=0
item_min=0
splitter=given
ratio=0.8
by_time=False
metric=["Precision", "Recall", "NDCG", "MAP", "MRR"]
topk=[20]
group_view=None
rec.evaluate.neg=0
test_batch_size=128
num_thread=8
start_testing_epoch=0
proj_path=/data/wushiguang-slurm/code/pretrain-survey/SGL/

SGL's hyperparameters:
seed=2021
aug_type=1
reg=1e-4
embed_size=64
n_layers=3
ssl_reg=0.1
ssl_ratio=0.1
ssl_temp=0.2
ssl_mode=both_side
lr=0.001
learner=adam
adj_type=pre
epochs=1000
batch_size=2048
num_negatives=1
init_method=xavier_uniform
stddev=0.01
verbose=1
stop_cnt=50
pretrain=0
save_flag=0

2021-11-01 17:31:15.732: metrics:	Precision@20	Recall@20   	NDCG@20     	MAP@20      	MRR@20      
2021-11-01 17:31:31.980: 		0.00032683  	0.00065635  	0.00053516  	0.00139112  	0.00139506  
2021-11-01 17:37:20.109: [iter 1 : loss : 1.8214 = 0.6931 + 1.1283 + 0.0000, time: 342.299370]
2021-11-01 17:37:29.031: epoch 1:	0.00183622  	0.00378038  	0.00302851  	0.00677754  	0.00699983  
2021-11-01 17:37:29.192: Find a better model.
2021-11-01 17:42:07.915: [iter 2 : loss : 1.8193 = 0.6930 + 1.1263 + 0.0000, time: 272.893024]
2021-11-01 17:42:16.324: epoch 2:	0.00273464  	0.00565926  	0.00489131  	0.01150228  	0.01189251  
2021-11-01 17:42:16.663: Find a better model.
2021-11-01 17:45:53.953: [iter 3 : loss : 1.8191 = 0.6929 + 1.1261 + 0.0000, time: 211.271496]
2021-11-01 17:46:01.428: epoch 3:	0.00349253  	0.00715250  	0.00593900  	0.01321189  	0.01388230  
2021-11-01 17:46:01.429: Find a better model.
2021-11-01 17:49:37.187: [iter 4 : loss : 1.8188 = 0.6928 + 1.1261 + 0.0000, time: 210.237452]
2021-11-01 17:49:44.894: epoch 4:	0.00449674  	0.00940630  	0.00777730  	0.01662278  	0.01754612  
2021-11-01 17:49:44.895: Find a better model.
2021-11-01 17:53:18.858: [iter 5 : loss : 1.8186 = 0.6925 + 1.1261 + 0.0000, time: 208.381431]
2021-11-01 17:53:26.337: epoch 5:	0.00531464  	0.01154095  	0.00920200  	0.01811266  	0.01925373  
2021-11-01 17:53:26.338: Find a better model.
2021-11-01 17:57:00.936: [iter 6 : loss : 1.8181 = 0.6919 + 1.1262 + 0.0000, time: 209.097134]
2021-11-01 17:57:08.683: epoch 6:	0.00368989  	0.00835812  	0.00634487  	0.01142711  	0.01243829  
2021-11-01 18:00:44.552: [iter 7 : loss : 1.8157 = 0.6891 + 1.1266 + 0.0000, time: 210.387077]
2021-11-01 18:00:52.050: epoch 7:	0.00418883  	0.00970334  	0.00742116  	0.01300186  	0.01439645  
2021-11-01 18:04:27.718: [iter 8 : loss : 1.8085 = 0.6799 + 1.1285 + 0.0000, time: 210.189445]
2021-11-01 18:04:35.450: epoch 8:	0.00800354  	0.01798353  	0.01490843  	0.02654646  	0.03031202  
2021-11-01 18:04:35.451: Find a better model.
2021-11-01 18:08:06.184: [iter 9 : loss : 1.7709 = 0.6334 + 1.1374 + 0.0001, time: 205.536932]
2021-11-01 18:08:13.570: epoch 9:	0.01307753  	0.02944759  	0.02409073  	0.04314069  	0.04882970  
2021-11-01 18:08:13.570: Find a better model.
2021-11-01 18:11:47.475: [iter 10 : loss : 1.6900 = 0.5376 + 1.1519 + 0.0004, time: 208.999528]
2021-11-01 18:11:55.436: epoch 10:	0.02326285  	0.05055221  	0.04194492  	0.07812934  	0.08790846  
2021-11-01 18:11:55.437: Find a better model.
2021-11-01 18:16:04.999: [iter 11 : loss : 1.5770 = 0.4047 + 1.1714 + 0.0009, time: 244.568434]
2021-11-01 18:16:13.006: epoch 11:	0.02692047  	0.05952242  	0.04863588  	0.08944116  	0.10035715  
2021-11-01 18:16:13.013: Find a better model.
2021-11-01 18:20:23.291: [iter 12 : loss : 1.4499 = 0.2572 + 1.1912 + 0.0016, time: 245.167388]
2021-11-01 18:20:31.724: epoch 12:	0.02785346  	0.06168068  	0.05054163  	0.09322490  	0.10415812  
2021-11-01 18:20:31.725: Find a better model.
2021-11-01 18:24:22.081: [iter 13 : loss : 1.3677 = 0.1742 + 1.1913 + 0.0022, time: 225.372023]
2021-11-01 18:24:29.880: epoch 13:	0.02868702  	0.06360033  	0.05215684  	0.09588064  	0.10731384  
2021-11-01 18:24:29.882: Find a better model.
2021-11-01 18:28:29.477: [iter 14 : loss : 1.3196 = 0.1331 + 1.1837 + 0.0028, time: 234.304767]
2021-11-01 18:28:40.504: epoch 14:	0.02910539  	0.06465071  	0.05321786  	0.09823377  	0.10975535  
2021-11-01 18:28:40.532: Find a better model.
2021-11-01 18:32:49.554: [iter 15 : loss : 1.2875 = 0.1081 + 1.1761 + 0.0033, time: 244.015723]
2021-11-01 18:32:57.553: epoch 15:	0.02947954  	0.06571109  	0.05409480  	0.09944871  	0.11169772  
2021-11-01 18:32:57.592: Find a better model.
2021-11-01 18:37:05.653: [iter 16 : loss : 1.2646 = 0.0911 + 1.1698 + 0.0037, time: 242.237600]
2021-11-01 18:37:14.515: epoch 16:	0.02986792  	0.06667542  	0.05483053  	0.10056841  	0.11295718  
2021-11-01 18:37:14.556: Find a better model.
2021-11-01 18:42:24.657: [iter 17 : loss : 1.2481 = 0.0792 + 1.1647 + 0.0042, time: 304.976167]
2021-11-01 18:42:33.432: epoch 17:	0.02995314  	0.06692912  	0.05507674  	0.10128723  	0.11370443  
2021-11-01 18:42:33.727: Find a better model.
2021-11-01 18:46:04.169: [iter 18 : loss : 1.2347 = 0.0696 + 1.1606 + 0.0046, time: 205.251746]
2021-11-01 18:46:12.186: epoch 18:	0.03010944  	0.06719638  	0.05536262  	0.10181120  	0.11423910  
2021-11-01 18:46:12.188: Find a better model.
2021-11-01 18:49:43.309: [iter 19 : loss : 1.2244 = 0.0624 + 1.1571 + 0.0049, time: 205.641414]
2021-11-01 18:49:50.715: epoch 19:	0.03020892  	0.06737954  	0.05546399  	0.10166396  	0.11447587  
2021-11-01 18:49:50.716: Find a better model.
2021-11-01 18:53:21.789: [iter 20 : loss : 1.2157 = 0.0562 + 1.1542 + 0.0053, time: 206.164099]
2021-11-01 18:53:29.485: epoch 20:	0.03017894  	0.06722502  	0.05545221  	0.10174640  	0.11457919  
2021-11-01 18:57:05.202: [iter 21 : loss : 1.2085 = 0.0511 + 1.1518 + 0.0056, time: 210.741124]
2021-11-01 18:57:12.632: epoch 21:	0.03021052  	0.06727264  	0.05552325  	0.10196628  	0.11489975  
2021-11-01 19:00:43.680: [iter 22 : loss : 1.2025 = 0.0468 + 1.1497 + 0.0059, time: 206.034799]
2021-11-01 19:00:51.379: epoch 22:	0.03023105  	0.06728417  	0.05557487  	0.10205847  	0.11498690  
2021-11-01 19:04:23.362: [iter 23 : loss : 1.1975 = 0.0433 + 1.1480 + 0.0062, time: 206.681834]
2021-11-01 19:04:30.783: epoch 23:	0.03013791  	0.06709107  	0.05536045  	0.10170340  	0.11445439  
2021-11-01 19:08:02.071: [iter 24 : loss : 1.1936 = 0.0406 + 1.1465 + 0.0065, time: 206.286872]
2021-11-01 19:08:09.824: epoch 24:	0.03011740  	0.06701264  	0.05538672  	0.10183921  	0.11466198  
2021-11-01 19:11:42.323: [iter 25 : loss : 1.1898 = 0.0379 + 1.1451 + 0.0068, time: 207.625667]
2021-11-01 19:11:49.744: epoch 25:	0.03007794  	0.06685798  	0.05525215  	0.10174554  	0.11455656  
2021-11-01 19:15:21.199: [iter 26 : loss : 1.1864 = 0.0354 + 1.1439 + 0.0071, time: 206.482589]
2021-11-01 19:15:28.881: epoch 26:	0.03004478  	0.06669785  	0.05516361  	0.10154887  	0.11442449  
2021-11-01 19:19:00.484: [iter 27 : loss : 1.1837 = 0.0335 + 1.1429 + 0.0073, time: 206.545331]
2021-11-01 19:19:07.906: epoch 27:	0.02995639  	0.06647430  	0.05501479  	0.10155414  	0.11415246  
2021-11-01 19:22:39.408: [iter 28 : loss : 1.1814 = 0.0318 + 1.1420 + 0.0076, time: 206.525052]
2021-11-01 19:22:47.096: epoch 28:	0.02980798  	0.06619392  	0.05487030  	0.10175696  	0.11418620  
2021-11-01 19:26:18.640: [iter 29 : loss : 1.1792 = 0.0303 + 1.1412 + 0.0078, time: 206.546985]
2021-11-01 19:26:26.071: epoch 29:	0.02968011  	0.06578338  	0.05457197  	0.10115083  	0.11365327  
2021-11-01 19:29:59.732: [iter 30 : loss : 1.1773 = 0.0289 + 1.1404 + 0.0080, time: 208.725293]
2021-11-01 19:30:07.525: epoch 30:	0.02957275  	0.06548722  	0.05440209  	0.10103398  	0.11362532  
2021-11-01 19:33:42.506: [iter 31 : loss : 1.1755 = 0.0275 + 1.1397 + 0.0082, time: 209.488819]
2021-11-01 19:33:50.087: epoch 31:	0.02959961  	0.06552810  	0.05435733  	0.10086451  	0.11339417  
2021-11-01 19:37:24.673: [iter 32 : loss : 1.1740 = 0.0264 + 1.1392 + 0.0084, time: 209.034195]
2021-11-01 19:37:32.466: epoch 32:	0.02949698  	0.06524541  	0.05413589  	0.10048392  	0.11304040  
2021-11-01 19:41:08.013: [iter 33 : loss : 1.1727 = 0.0256 + 1.1386 + 0.0086, time: 210.002011]
2021-11-01 19:41:15.575: epoch 33:	0.02939436  	0.06503303  	0.05395145  	0.10031810  	0.11281538  
2021-11-01 19:44:50.805: [iter 34 : loss : 1.1715 = 0.0247 + 1.1380 + 0.0088, time: 209.824624]
2021-11-01 19:44:58.603: epoch 34:	0.02929651  	0.06472362  	0.05372285  	0.09984359  	0.11237559  
2021-11-01 19:48:33.239: [iter 35 : loss : 1.1700 = 0.0235 + 1.1376 + 0.0090, time: 209.129142]
2021-11-01 19:48:40.773: epoch 35:	0.02923496  	0.06454939  	0.05357350  	0.09964436  	0.11198311  
2021-11-01 19:52:15.035: [iter 36 : loss : 1.1689 = 0.0226 + 1.1372 + 0.0091, time: 208.806758]
2021-11-01 19:52:22.808: epoch 36:	0.02909442  	0.06421512  	0.05338392  	0.09943295  	0.11179740  
2021-11-01 19:55:57.060: [iter 37 : loss : 1.1681 = 0.0221 + 1.1368 + 0.0093, time: 208.833094]
2021-11-01 19:56:04.612: epoch 37:	0.02903760  	0.06399050  	0.05318393  	0.09896699  	0.11136477  
2021-11-01 19:59:38.623: [iter 38 : loss : 1.1673 = 0.0214 + 1.1364 + 0.0094, time: 208.513030]
2021-11-01 19:59:46.387: epoch 38:	0.02886711  	0.06360064  	0.05297641  	0.09879860  	0.11115564  
2021-11-01 20:03:20.195: [iter 39 : loss : 1.1664 = 0.0207 + 1.1361 + 0.0096, time: 208.293205]
2021-11-01 20:03:27.739: epoch 39:	0.02876449  	0.06330588  	0.05270087  	0.09829549  	0.11060950  
2021-11-01 20:07:01.639: [iter 40 : loss : 1.1655 = 0.0200 + 1.1357 + 0.0097, time: 208.426974]
2021-11-01 20:07:09.332: epoch 40:	0.02876291  	0.06327813  	0.05263864  	0.09825674  	0.11051916  
2021-11-01 20:10:43.414: [iter 41 : loss : 1.1651 = 0.0198 + 1.1355 + 0.0099, time: 208.633377]
2021-11-01 20:10:50.879: epoch 41:	0.02862715  	0.06291649  	0.05237815  	0.09794446  	0.11004642  
2021-11-01 20:14:24.853: [iter 42 : loss : 1.1645 = 0.0193 + 1.1352 + 0.0100, time: 208.450344]
2021-11-01 20:14:32.643: epoch 42:	0.02852928  	0.06265694  	0.05224164  	0.09788533  	0.10999324  
2021-11-01 20:18:06.463: [iter 43 : loss : 1.1636 = 0.0185 + 1.1349 + 0.0102, time: 208.340918]
2021-11-01 20:18:13.948: epoch 43:	0.02849137  	0.06246204  	0.05209997  	0.09764653  	0.10984901  
2021-11-01 20:21:48.078: [iter 44 : loss : 1.1634 = 0.0185 + 1.1346 + 0.0103, time: 208.658761]
2021-11-01 20:21:55.803: epoch 44:	0.02842192  	0.06224561  	0.05193986  	0.09752099  	0.10962088  
2021-11-01 20:25:30.042: [iter 45 : loss : 1.1627 = 0.0179 + 1.1344 + 0.0104, time: 208.771485]
2021-11-01 20:25:37.520: epoch 45:	0.02846928  	0.06237375  	0.05186899  	0.09710611  	0.10898256  
2021-11-01 20:29:11.590: [iter 46 : loss : 1.1623 = 0.0175 + 1.1342 + 0.0105, time: 208.595490]
2021-11-01 20:29:19.183: epoch 46:	0.02838086  	0.06216832  	0.05171215  	0.09683909  	0.10871328  
2021-11-01 20:32:50.743: [iter 47 : loss : 1.1619 = 0.0172 + 1.1341 + 0.0106, time: 206.948818]
2021-11-01 20:32:58.123: epoch 47:	0.02835878  	0.06209205  	0.05160943  	0.09669998  	0.10843574  
2021-11-01 20:36:30.321: [iter 48 : loss : 1.1615 = 0.0169 + 1.1339 + 0.0107, time: 207.003677]
2021-11-01 20:36:37.934: epoch 48:	0.02828457  	0.06188193  	0.05144381  	0.09646501  	0.10819031  
2021-11-01 20:40:09.807: [iter 49 : loss : 1.1611 = 0.0166 + 1.1337 + 0.0108, time: 206.661293]
2021-11-01 20:40:17.229: epoch 49:	0.02816617  	0.06160808  	0.05122801  	0.09618992  	0.10775174  
2021-11-01 20:43:49.560: [iter 50 : loss : 1.1607 = 0.0163 + 1.1335 + 0.0109, time: 207.087468]
2021-11-01 20:43:57.206: epoch 50:	0.02809827  	0.06131895  	0.05103819  	0.09592794  	0.10751994  
